2025-05-12 15:06:34,162 [INFO] Activator:176 - 


2025-05-12 15:06:34,165 [INFO] Activator:177 - !SESSION log4j initialized
2025-05-12 15:06:40,875 [INFO] LogOutputStream:77 - [STDOUT_REDIRECT] 
2025-05-12 15:06:44,410 [INFO] ApplicationProperties:184 - Using Application install path: C:\ST\STM32CubeIDE_1.17.0\STM32CubeIDE\plugins\com.st.stm32cube.common.mx_6.13.0.202411220809
2025-05-12 15:06:44,445 [INFO] DbMcusXml:78 - Set database path to: C:\ST\STM32CubeIDE_1.17.0\STM32CubeIDE\plugins\com.st.stm32cube.common.mx_6.13.0.202411220809\\db\/mcu/
2025-05-12 15:06:44,445 [INFO] ApiDb:274 - Set plugin database path to: C:\ST\STM32CubeIDE_1.17.0\STM32CubeIDE\plugins\com.st.stm32cube.common.mx_6.13.0.202411220809\\db\/plugins/boardmanager/
2025-05-12 15:06:44,464 [WARN] ApiDb:259 - Overriding images path with different value:  => C:\ST\STM32CubeIDE_1.17.0\STM32CubeIDE\plugins\com.st.stm32cube.common.mx_6.13.0.202411220809\\db\/plugins/mcufinder/images/
2025-05-12 15:06:44,483 [INFO] ApiDb:250 - Set database path to: C:\Users\USER\.stmcufinder\plugins\mcufinder//mcu/
2025-05-12 15:06:44,485 [INFO] DbMcusAds:125 - Set database path to: C:\Users\USER\.stmcufinder\plugins\mcufinder//mcu/
2025-05-12 15:06:44,488 [INFO] CrossReferenceDbSqlite:203 - Set database path to: C:\Users\USER\.stmcufinder\plugins\mcufinder//mcu/cs/
2025-05-12 15:06:44,743 [INFO] RulesReader:64 - Compatibility file has been processed (297 Rules)
2025-05-12 15:06:44,914 [INFO] DbMcusXml:78 - Set database path to: C:\ST\STM32CubeIDE_1.17.0\STM32CubeIDE\plugins\com.st.stm32cube.common.mx_6.13.0.202411220809\\db\/mcu/
2025-05-12 15:06:44,914 [INFO] ApiDb:274 - Set plugin database path to: C:\ST\STM32CubeIDE_1.17.0\STM32CubeIDE\plugins\com.st.stm32cube.common.mx_6.13.0.202411220809\\db\/plugins/boardmanager/
2025-05-12 15:06:44,914 [INFO] ApiDb:261 - Set plugin images path to: C:\ST\STM32CubeIDE_1.17.0\STM32CubeIDE\plugins\com.st.stm32cube.common.mx_6.13.0.202411220809\\db\/plugins/mcufinder/images/
2025-05-12 15:06:44,915 [WARN] DbFile:41 - Overriding database path with different value: C:\Users\USER\.stmcufinder\plugins\mcufinder/ => C:\Users\USER\.stmcufinder\plugins\mcufinder
2025-05-12 15:06:44,915 [INFO] ApiDb:250 - Set database path to: C:\Users\USER\.stmcufinder\plugins\mcufinder//mcu/
2025-05-12 15:06:44,915 [WARN] DbFile:41 - Overriding database path with different value: C:\Users\USER\.stmcufinder\plugins\mcufinder/ => C:\Users\USER\.stmcufinder\plugins\mcufinder
2025-05-12 15:06:44,915 [INFO] DbMcusAds:125 - Set database path to: C:\Users\USER\.stmcufinder\plugins\mcufinder//mcu/
2025-05-12 15:06:44,915 [WARN] DbFile:41 - Overriding database path with different value: C:\Users\USER\.stmcufinder\plugins\mcufinder/ => C:\Users\USER\.stmcufinder\plugins\mcufinder
2025-05-12 15:06:44,915 [WARN] DbFile:41 - Overriding database path with different value: C:\Users\USER\.stmcufinder\plugins\mcufinder/ => C:\Users\USER\.stmcufinder\plugins\mcufinder
2025-05-12 15:06:44,915 [INFO] CrossReferenceDbSqlite:203 - Set database path to: C:\Users\USER\.stmcufinder\plugins\mcufinder//mcu/cs/
2025-05-12 15:06:45,034 [INFO] MainPanel:272 - HeapMemory: 268435456
2025-05-12 15:06:45,177 [INFO] DbMcusXml:78 - Set database path to: C:\ST\STM32CubeIDE_1.17.0\STM32CubeIDE\plugins\com.st.stm32cube.common.mx_6.13.0.202411220809\\db\/mcu/
2025-05-12 15:06:45,178 [INFO] ApiDb:274 - Set plugin database path to: C:\ST\STM32CubeIDE_1.17.0\STM32CubeIDE\plugins\com.st.stm32cube.common.mx_6.13.0.202411220809\\db\/plugins/boardmanager/
2025-05-12 15:06:45,178 [INFO] ApiDb:261 - Set plugin images path to: C:\ST\STM32CubeIDE_1.17.0\STM32CubeIDE\plugins\com.st.stm32cube.common.mx_6.13.0.202411220809\\db\/plugins/mcufinder/images/
2025-05-12 15:06:45,178 [WARN] DbFile:41 - Overriding database path with different value: C:\Users\USER\.stmcufinder\plugins\mcufinder/ => C:\Users\USER\.stmcufinder\plugins\mcufinder
2025-05-12 15:06:45,179 [INFO] ApiDb:250 - Set database path to: C:\Users\USER\.stmcufinder\plugins\mcufinder//mcu/
2025-05-12 15:06:45,179 [WARN] DbFile:41 - Overriding database path with different value: C:\Users\USER\.stmcufinder\plugins\mcufinder/ => C:\Users\USER\.stmcufinder\plugins\mcufinder
2025-05-12 15:06:45,179 [INFO] DbMcusAds:125 - Set database path to: C:\Users\USER\.stmcufinder\plugins\mcufinder//mcu/
2025-05-12 15:06:45,179 [WARN] DbFile:41 - Overriding database path with different value: C:\Users\USER\.stmcufinder\plugins\mcufinder/ => C:\Users\USER\.stmcufinder\plugins\mcufinder
2025-05-12 15:06:45,179 [WARN] DbFile:41 - Overriding database path with different value: C:\Users\USER\.stmcufinder\plugins\mcufinder/ => C:\Users\USER\.stmcufinder\plugins\mcufinder
2025-05-12 15:06:45,179 [INFO] CrossReferenceDbSqlite:203 - Set database path to: C:\Users\USER\.stmcufinder\plugins\mcufinder//mcu/cs/
2025-05-12 15:06:45,214 [INFO] ApplicationProperties:184 - Using Application install path: C:\ST\STM32CubeIDE_1.17.0\STM32CubeIDE\plugins\com.st.stm32cube.common.mx_6.13.0.202411220809
2025-05-12 15:06:45,216 [INFO] PluginManage:196 - Search for loadable plugins [exclusion list=, ]
2025-05-12 15:06:45,220 [INFO] PluginManage:310 - Check plugin analytics
2025-05-12 15:06:45,512 [INFO] AnalyticsPlugin:253 - Accepted Software Licenses: STM32CubeMX.6.14.1
2025-05-12 15:06:45,513 [INFO] AnalyticsPlugin:255 - Accepted CMSIS Pack Licenses: 
2025-05-12 15:06:45,513 [INFO] AnalyticsPlugin:257 - Accepted Firmware Licenses: 
2025-05-12 15:06:45,519 [INFO] PluginManage:359 - Loaded plugin analytics (category:tool,tabindex:-1)
2025-05-12 15:06:45,520 [INFO] PluginManage:310 - Check plugin cadmodel
2025-05-12 15:06:45,543 [INFO] CADModel:105 - Init CAD model plugin
2025-05-12 15:06:45,543 [INFO] PluginManage:359 - Loaded plugin cadmodel (category:power,tabindex:5)
2025-05-12 15:06:45,543 [INFO] PluginManage:310 - Check plugin clock
2025-05-12 15:06:45,577 [INFO] PluginManage:359 - Loaded plugin clock (category:base,tabindex:2)
2025-05-12 15:06:45,578 [INFO] PluginManage:310 - Check plugin ddr
2025-05-12 15:06:45,581 [INFO] PluginManage:359 - Loaded plugin ddr (category:tool,tabindex:6)
2025-05-12 15:06:45,581 [INFO] PluginManage:310 - Check plugin filemanager
2025-05-12 15:06:45,817 [INFO] PluginManage:359 - Loaded plugin filemanager (category:base,tabindex:10)
2025-05-12 15:06:45,817 [INFO] PluginManage:310 - Check plugin ipmanager
2025-05-12 15:06:45,829 [INFO] PluginManage:359 - Loaded plugin ipmanager (category:base,tabindex:5)
2025-05-12 15:06:45,829 [INFO] PluginManage:310 - Check plugin lpbam
2025-05-12 15:06:45,857 [INFO] PluginManage:359 - Loaded plugin lpbam (category:base,tabindex:0)
2025-05-12 15:06:45,858 [INFO] PluginManage:310 - Check plugin memorymap
2025-05-12 15:06:45,889 [INFO] PluginManage:359 - Loaded plugin memorymap (category:base,tabindex:4)
2025-05-12 15:06:45,889 [INFO] PluginManage:310 - Check plugin pinoutandconfiguration
2025-05-12 15:06:45,918 [INFO] PluginManage:359 - Loaded plugin pinoutandconfiguration (category:base,tabindex:1)
2025-05-12 15:06:45,918 [INFO] PluginManage:310 - Check plugin pinoutconfig
2025-05-12 15:06:46,039 [WARN] SupportedApi:132 - Cannot load RTOS API schema: s4s-elt-must-match.1: The content of 'definitions' must match (annotation?, (simpleType | complexType)?, (unique | key | keyref)*)). A problem was found starting at: attribute.
2025-05-12 15:06:46,220 [INFO] PluginManage:359 - Loaded plugin pinoutconfig (category:base,tabindex:0)
2025-05-12 15:06:46,224 [INFO] PluginManage:310 - Check plugin power
2025-05-12 15:06:46,270 [INFO] PluginManage:359 - Loaded plugin power (category:power,tabindex:4)
2025-05-12 15:06:46,270 [INFO] PluginManage:310 - Check plugin projectmanager
2025-05-12 15:06:46,287 [INFO] PluginManage:359 - Loaded plugin projectmanager (category:projectmanager,tabindex:4)
2025-05-12 15:06:46,287 [INFO] PluginManage:310 - Check plugin rif
2025-05-12 15:06:46,308 [INFO] PluginManage:359 - Loaded plugin rif (category:base,tabindex:3)
2025-05-12 15:06:46,308 [INFO] PluginManage:310 - Check plugin thirdparty
2025-05-12 15:06:46,661 [INFO] PluginManage:359 - Loaded plugin thirdparty (category:base,tabindex:-1)
2025-05-12 15:06:46,661 [WARN] IntegrityCheckThread:84 - waiting for thirdparty lock release [integrity check]
2025-05-12 15:06:46,662 [INFO] PluginManage:310 - Check plugin tools
2025-05-12 15:06:46,662 [INFO] IntegrityCheckThread:86 - entering critical section [integrity check]
2025-05-12 15:06:46,663 [INFO] ThirdPartyUpdaterWithRetryManager:70 - Updater plugin not ready yet. [1/15]
2025-05-12 15:06:46,722 [INFO] PluginManage:359 - Loaded plugin tools (category:base,tabindex:7)
2025-05-12 15:06:46,723 [INFO] PluginManage:310 - Check plugin tutovideos
2025-05-12 15:06:46,939 [INFO] PluginManage:359 - Loaded plugin tutovideos (category:base,tabindex:-1)
2025-05-12 15:06:46,939 [INFO] PluginManage:310 - Check plugin updater
2025-05-12 15:06:46,960 [INFO] PluginManage:359 - Loaded plugin updater (category:base,tabindex:12)
2025-05-12 15:06:46,960 [INFO] PluginManage:310 - Check plugin userauth
2025-05-12 15:06:46,963 [INFO] UserAuth:118 - Init User Auth plugin
2025-05-12 15:06:46,964 [INFO] PluginManage:359 - Loaded plugin userauth (category:base,tabindex:14)
2025-05-12 15:06:46,964 [INFO] PluginManage:283 - PluginManage : Loaded plugins [18]
2025-05-12 15:06:47,302 [INFO] PinOutPanel:1589 - setPackage(No Configuration,No Configuration)
2025-05-12 15:06:47,385 [INFO] CADModel:165 - CPN selected for project level
2025-05-12 15:06:47,385 [INFO] CADModel:114 - Register for checkConnection events
2025-05-12 15:06:47,413 [INFO] IPUIPlugin:80 - create IPUIPlugin
2025-05-12 15:06:47,414 [INFO] PluginManager:220 - loadIPPluginJar : add adc
2025-05-12 15:06:47,470 [INFO] IPUIPlugin:80 - create IPUIPlugin
2025-05-12 15:06:47,471 [INFO] PluginManager:220 - loadIPPluginJar : add aes
2025-05-12 15:06:47,546 [INFO] IPUIPlugin:80 - create IPUIPlugin
2025-05-12 15:06:47,547 [INFO] PluginManager:220 - loadIPPluginJar : add can
2025-05-12 15:06:47,582 [INFO] IPUIPlugin:80 - create IPUIPlugin
2025-05-12 15:06:47,582 [INFO] PluginManager:220 - loadIPPluginJar : add comp
2025-05-12 15:06:47,626 [INFO] IPUIPlugin:80 - create IPUIPlugin
2025-05-12 15:06:47,626 [INFO] PluginManager:220 - loadIPPluginJar : add cryp
2025-05-12 15:06:47,642 [INFO] IPUIPlugin:80 - create IPUIPlugin
2025-05-12 15:06:47,642 [INFO] PluginManager:220 - loadIPPluginJar : add ddr_ctrl_phy
2025-05-12 15:06:47,686 [INFO] IPUIPlugin:80 - create IPUIPlugin
2025-05-12 15:06:47,686 [INFO] PluginManager:220 - loadIPPluginJar : add dfsdm
2025-05-12 15:06:47,706 [INFO] IPUIPlugin:80 - create IPUIPlugin
2025-05-12 15:06:47,706 [INFO] PluginManager:220 - loadIPPluginJar : add dma
2025-05-12 15:06:47,762 [INFO] IPUIPlugin:80 - create IPUIPlugin
2025-05-12 15:06:47,762 [INFO] PluginManager:220 - loadIPPluginJar : add dma3
2025-05-12 15:06:47,823 [INFO] IPUIPlugin:80 - create IPUIPlugin
2025-05-12 15:06:47,823 [INFO] PluginManager:220 - loadIPPluginJar : add extmemmanager
2025-05-12 15:06:47,852 [INFO] IPUIPlugin:80 - create IPUIPlugin
2025-05-12 15:06:47,852 [INFO] PluginManager:220 - loadIPPluginJar : add fatfs
2025-05-12 15:06:47,912 [INFO] IPUIPlugin:80 - create IPUIPlugin
2025-05-12 15:06:47,912 [INFO] PluginManager:220 - loadIPPluginJar : add fmc
2025-05-12 15:06:47,931 [INFO] IPUIPlugin:80 - create IPUIPlugin
2025-05-12 15:06:47,931 [INFO] PluginManager:220 - loadIPPluginJar : add freertos
2025-05-12 15:06:47,961 [INFO] IPUIPlugin:80 - create IPUIPlugin
2025-05-12 15:06:47,961 [INFO] PluginManager:220 - loadIPPluginJar : add genericplugin
2025-05-12 15:06:48,093 [INFO] IPUIPlugin:80 - create IPUIPlugin
2025-05-12 15:06:48,093 [INFO] PluginManager:220 - loadIPPluginJar : add gfxmmu
2025-05-12 15:06:48,259 [INFO] IPUIPlugin:80 - create IPUIPlugin
2025-05-12 15:06:48,259 [INFO] PluginManager:220 - loadIPPluginJar : add gic
2025-05-12 15:06:48,276 [INFO] IPUIPlugin:80 - create IPUIPlugin
2025-05-12 15:06:48,276 [INFO] PluginManager:220 - loadIPPluginJar : add gpio
2025-05-12 15:06:48,406 [INFO] IPUIPlugin:80 - create IPUIPlugin
2025-05-12 15:06:48,406 [INFO] PluginManager:220 - loadIPPluginJar : add gtzc
2025-05-12 15:06:48,457 [INFO] IPUIPlugin:80 - create IPUIPlugin
2025-05-12 15:06:48,457 [INFO] PluginManager:220 - loadIPPluginJar : add hash
2025-05-12 15:06:48,525 [INFO] IPUIPlugin:80 - create IPUIPlugin
2025-05-12 15:06:48,525 [INFO] PluginManager:220 - loadIPPluginJar : add i2c
2025-05-12 15:06:48,577 [INFO] IPUIPlugin:80 - create IPUIPlugin
2025-05-12 15:06:48,577 [INFO] PluginManager:220 - loadIPPluginJar : add i2s
2025-05-12 15:06:48,642 [INFO] IPUIPlugin:80 - create IPUIPlugin
2025-05-12 15:06:48,643 [INFO] PluginManager:220 - loadIPPluginJar : add i3c
2025-05-12 15:06:48,774 [INFO] IPUIPlugin:80 - create IPUIPlugin
2025-05-12 15:06:48,774 [INFO] PluginManager:220 - loadIPPluginJar : add ipddr
2025-05-12 15:06:48,901 [INFO] IPUIPlugin:80 - create IPUIPlugin
2025-05-12 15:06:48,902 [INFO] PluginManager:220 - loadIPPluginJar : add linkedlist
2025-05-12 15:06:48,954 [INFO] IPUIPlugin:80 - create IPUIPlugin
2025-05-12 15:06:48,954 [INFO] PluginManager:220 - loadIPPluginJar : add lorawan
2025-05-12 15:06:49,006 [INFO] IPUIPlugin:80 - create IPUIPlugin
2025-05-12 15:06:49,006 [INFO] PluginManager:220 - loadIPPluginJar : add ltdc
2025-05-12 15:06:49,024 [INFO] IPUIPlugin:80 - create IPUIPlugin
2025-05-12 15:06:49,025 [INFO] PluginManager:220 - loadIPPluginJar : add mdma
2025-05-12 15:06:49,042 [INFO] IPUIPlugin:80 - create IPUIPlugin
2025-05-12 15:06:49,043 [INFO] PluginManager:220 - loadIPPluginJar : add nvic
2025-05-12 15:06:49,102 [INFO] IPUIPlugin:80 - create IPUIPlugin
2025-05-12 15:06:49,102 [INFO] PluginManager:220 - loadIPPluginJar : add opamp
2025-05-12 15:06:49,176 [INFO] IPUIPlugin:80 - create IPUIPlugin
2025-05-12 15:06:49,176 [INFO] PluginManager:220 - loadIPPluginJar : add openamp
2025-05-12 15:06:49,229 [INFO] IPUIPlugin:80 - create IPUIPlugin
2025-05-12 15:06:49,230 [INFO] PluginManager:220 - loadIPPluginJar : add pdm2pcm
2025-05-12 15:06:49,249 [INFO] IPUIPlugin:80 - create IPUIPlugin
2025-05-12 15:06:49,252 [INFO] PluginManager:220 - loadIPPluginJar : add plateformsettings
2025-05-12 15:06:49,288 [INFO] IPUIPlugin:80 - create IPUIPlugin
2025-05-12 15:06:49,288 [INFO] PluginManager:220 - loadIPPluginJar : add quadspi
2025-05-12 15:06:49,321 [INFO] IPUIPlugin:80 - create IPUIPlugin
2025-05-12 15:06:49,322 [INFO] PluginManager:220 - loadIPPluginJar : add radio
2025-05-12 15:06:49,337 [INFO] IPUIPlugin:80 - create IPUIPlugin
2025-05-12 15:06:49,337 [INFO] PluginManager:220 - loadIPPluginJar : add resmgrutility
2025-05-12 15:06:49,396 [INFO] IPUIPlugin:80 - create IPUIPlugin
2025-05-12 15:06:49,396 [INFO] PluginManager:220 - loadIPPluginJar : add sai
2025-05-12 15:06:49,450 [INFO] IPUIPlugin:80 - create IPUIPlugin
2025-05-12 15:06:49,450 [INFO] PluginManager:220 - loadIPPluginJar : add spi
2025-05-12 15:06:49,560 [INFO] IPUIPlugin:80 - create IPUIPlugin
2025-05-12 15:06:49,560 [INFO] PluginManager:220 - loadIPPluginJar : add stm32_wpan
2025-05-12 15:06:49,603 [INFO] IPUIPlugin:80 - create IPUIPlugin
2025-05-12 15:06:49,603 [INFO] PluginManager:220 - loadIPPluginJar : add tim
2025-05-12 15:06:49,665 [INFO] ThirdPartyUpdaterWithRetryManager:70 - Updater plugin not ready yet. [2/15]
2025-05-12 15:06:49,707 [INFO] IPUIPlugin:80 - create IPUIPlugin
2025-05-12 15:06:49,708 [INFO] PluginManager:220 - loadIPPluginJar : add touchsensing
2025-05-12 15:06:49,743 [INFO] IPUIPlugin:80 - create IPUIPlugin
2025-05-12 15:06:49,743 [INFO] PluginManager:220 - loadIPPluginJar : add tracer_emb
2025-05-12 15:06:49,778 [INFO] IPUIPlugin:80 - create IPUIPlugin
2025-05-12 15:06:49,779 [INFO] PluginManager:220 - loadIPPluginJar : add ts
2025-05-12 15:06:49,814 [INFO] IPUIPlugin:80 - create IPUIPlugin
2025-05-12 15:06:49,814 [INFO] PluginManager:220 - loadIPPluginJar : add tsc
2025-05-12 15:06:49,857 [INFO] IPUIPlugin:80 - create IPUIPlugin
2025-05-12 15:06:49,857 [INFO] PluginManager:220 - loadIPPluginJar : add ucpd
2025-05-12 15:06:49,935 [INFO] IPUIPlugin:80 - create IPUIPlugin
2025-05-12 15:06:49,935 [INFO] PluginManager:220 - loadIPPluginJar : add usart
2025-05-12 15:06:50,001 [INFO] IPUIPlugin:80 - create IPUIPlugin
2025-05-12 15:06:50,002 [INFO] PluginManager:220 - loadIPPluginJar : add usbx
2025-05-12 15:06:50,172 [FATAL] Updater:351 - Updater called before beeing initialized
2025-05-12 15:06:50,206 [INFO] RulesReader:64 - Compatibility file has been processed (297 Rules)
2025-05-12 15:06:50,218 [INFO] RulesReader:64 - Compatibility file has been processed (297 Rules)
2025-05-12 15:06:50,226 [INFO] CADModel:165 - CPN selected for project level
2025-05-12 15:06:50,226 [INFO] CADModel:114 - Register for checkConnection events
2025-05-12 15:06:50,226 [FATAL] Updater:351 - Updater called before beeing initialized
2025-05-12 15:06:50,226 [ERROR] CADModel:125 - Updater not yet initialized, retry later 
2025-05-12 15:06:50,408 [FATAL] Updater:351 - Updater called before beeing initialized
2025-05-12 15:06:50,409 [INFO] CADModel:165 - CPN selected for project level
2025-05-12 15:06:50,410 [INFO] CADModel:114 - Register for checkConnection events
2025-05-12 15:06:50,410 [FATAL] Updater:351 - Updater called before beeing initialized
2025-05-12 15:06:50,410 [ERROR] CADModel:125 - Updater not yet initialized, retry later 
2025-05-12 15:06:50,414 [FATAL] Updater:351 - Updater called before beeing initialized
2025-05-12 15:06:50,529 [FATAL] Updater:351 - Updater called before beeing initialized
2025-05-12 15:06:50,542 [INFO] DbMcusAds:53 - JSON generation date=Wed May 07 18:07:55 KST 2025 (1746608875638)
2025-05-12 15:06:50,543 [FATAL] Updater:351 - Updater called before beeing initialized
2025-05-12 15:06:50,571 [WARN] DetailPanel:346 - Failed to get advertising image, set to default
2025-05-12 15:06:50,779 [FATAL] Updater:351 - Updater called before beeing initialized
2025-05-12 15:06:50,781 [FATAL] Updater:351 - Updater called before beeing initialized
2025-05-12 15:06:50,781 [FATAL] Updater:351 - Updater called before beeing initialized
2025-05-12 15:06:50,781 [WARN] DetailPanel:346 - Failed to get advertising image, set to default
2025-05-12 15:06:50,782 [FATAL] Updater:351 - Updater called before beeing initialized
2025-05-12 15:06:50,844 [ERROR] Updater:1198 - MainUpdater not yet initialized. External WinMGr cannot be set.
2025-05-12 15:06:50,855 [INFO] Updater:1134 - Updater Version found : 6.13.0
2025-05-12 15:06:50,869 [INFO] ApplicationProperties:184 - Using Application install path: C:\ST\STM32CubeIDE_1.17.0\STM32CubeIDE\plugins\com.st.stm32cube.common.mx_6.13.0.202411220809
2025-05-12 15:06:52,447 [ERROR] LogOutputStream:75 - [STDERR_REDIRECT] May 12, 2025 3:06:52 PM java.util.prefs.WindowsPreferences <init>
2025-05-12 15:06:52,449 [ERROR] LogOutputStream:75 - [STDERR_REDIRECT] WARNING: Could not open/create prefs root node Software\JavaSoft\Prefs at root 0xffffffff80000002. Windows RegCreateKeyEx(...) returned error code 5.
2025-05-12 15:06:52,449 [ERROR] LogOutputStream:75 - [STDERR_REDIRECT] 
2025-05-12 15:06:52,667 [INFO] ThirdPartyUpdaterWithRetryManager:70 - Updater plugin not ready yet. [3/15]
2025-05-12 15:06:52,839 [INFO] MainUpdater:2872 - connection check result : 10
2025-05-12 15:06:52,842 [INFO] MainUpdater:289 - Updater Check For Update Now.
2025-05-12 15:06:52,842 [INFO] MicroXplorer:498 - Change Database Version : DB.6.0.130
2025-05-12 15:06:52,872 [INFO] McuFinderGlobals:63 - Set McuFinder mode to 2 (CubeIDE integrated)
2025-05-12 15:06:52,881 [INFO] UserAuth:486 - Internet connection configuration mode: 1
2025-05-12 15:06:52,925 [INFO] JxBrowserEngine:152 - Initiate JxBrowser Engine with user profile folder
2025-05-12 15:06:53,065 [INFO] CheckServerUpdateThread:120 - End of CheckServer Thread
2025-05-12 15:06:53,993 [INFO] WebApp:168 - Instantiating new browser for Auth
2025-05-12 15:06:54,786 [INFO] WebApp:449 - Apply proxy settings
2025-05-12 15:06:54,786 [INFO] WebApp:534 - Chromium requires no authentication
2025-05-12 15:06:54,793 [INFO] WebApp:477 - Direct internet connection detected
2025-05-12 15:06:54,820 [INFO] WebApp:880 - Register for checkConnection events
2025-05-12 15:06:54,820 [INFO] WebApp:449 - Apply proxy settings
2025-05-12 15:06:54,820 [INFO] WebApp:534 - Chromium requires no authentication
2025-05-12 15:06:54,821 [INFO] WebApp:477 - Direct internet connection detected
2025-05-12 15:06:54,967 [INFO] WebApp:221 - Starting web application
2025-05-12 15:06:54,967 [INFO] WebApp:579 - Web application path used C:\ST\STM32CubeIDE_1.17.0\STM32CubeIDE\plugins\com.st.stm32cube.common.mx_6.13.0.202411220809\db\plugins\mcufinder\reactClient1\index.html
2025-05-12 15:06:55,136 [INFO] WebApp:187 - Connection restablished
2025-05-12 15:06:55,263 [INFO] UserAuth:486 - Internet connection configuration mode: 1
2025-05-12 15:06:55,901 [WARN] PackLoader:240 - Cannot read IP mode file for STMicroelectronics.FP-SNS-MOTENVWB1.1.4.0
2025-05-12 15:06:55,931 [WARN] PackLoader:240 - Cannot read IP mode file for STMicroelectronics.FP-ATR-ASTRA1.2.0.2
2025-05-12 15:06:55,947 [WARN] PackLoader:240 - Cannot read IP mode file for STMicroelectronics.FP-ATR-ASTRA1.2.0.1
2025-05-12 15:06:55,970 [WARN] PackLoader:240 - Cannot read IP mode file for STMicroelectronics.X-CUBE-SMBUS.2.1.0
2025-05-12 15:06:55,993 [WARN] PackLoader:240 - Cannot read IP mode file for STMicroelectronics.X-CUBE-WB05N.1.1.0
2025-05-12 15:06:56,043 [WARN] PackLoader:240 - Cannot read IP mode file for STMicroelectronics.X-CUBE-AZRTOS-F7.1.1.0
2025-05-12 15:06:56,063 [WARN] PackLoader:240 - Cannot read IP mode file for STMicroelectronics.FP-SNS-FLIGHT1.5.0.2
2025-05-12 15:06:56,119 [WARN] PackLoader:240 - Cannot read IP mode file for Infineon.AIROC-Wi-Fi-Bluetooth-STM32.1.7.0
2025-05-12 15:06:56,156 [WARN] PackLoader:240 - Cannot read IP mode file for STMicroelectronics.X-CUBE-DISPLAY.3.0.0
2025-05-12 15:06:56,181 [WARN] PackLoader:240 - Cannot read IP mode file for STMicroelectronics.X-CUBE-BLE1.7.0.0
2025-05-12 15:06:56,202 [WARN] PackLoader:240 - Cannot read IP mode file for STMicroelectronics.X-CUBE-NFC10.1.0.0
2025-05-12 15:06:56,225 [WARN] PackLoader:240 - Cannot read IP mode file for STMicroelectronics.X-CUBE-BLEMGR.4.0.0
2025-05-12 15:06:56,251 [WARN] PackLoader:240 - Cannot read IP mode file for emotas.I-CUBE-CANOPEN.1.3.0
2025-05-12 15:06:56,272 [WARN] PackLoader:240 - Cannot read IP mode file for STMicroelectronics.X-CUBE-AI.10.0.0
2025-05-12 15:06:56,291 [WARN] PackLoader:240 - Cannot read IP mode file for STMicroelectronics.FP-SNS-SMARTAG2.1.2.0
2025-05-12 15:06:56,306 [WARN] PackLoader:240 - Cannot read IP mode file for STMicroelectronics.FP-SNS-FLIGHT1.5.1.0
2025-05-12 15:06:56,369 [WARN] PackLoader:240 - Cannot read IP mode file for STMicroelectronics.X-CUBE-MEMS1.11.1.0
2025-05-12 15:06:56,543 [INFO] LogOutputStream:77 - [STDOUT_REDIRECT] 1 : Invalid condition id : UX_CORESTACK_Condition cause : null
2025-05-12 15:06:56,544 [INFO] LogOutputStream:77 - [STDOUT_REDIRECT] 1 : Invalid condition id : UX_CORESTACK_Condition cause : null
2025-05-12 15:06:56,545 [INFO] LogOutputStream:77 - [STDOUT_REDIRECT] 1 : Invalid condition id : UX_CORESTACK_Condition cause : null
2025-05-12 15:06:56,547 [INFO] LogOutputStream:77 - [STDOUT_REDIRECT] 1 : Invalid condition id : UX_CORESTACK_Condition cause : null
2025-05-12 15:06:56,548 [INFO] LogOutputStream:77 - [STDOUT_REDIRECT] 1 : Invalid condition id : UX_CORESTACK_Condition cause : null
2025-05-12 15:06:56,551 [WARN] PackLoader:240 - Cannot read IP mode file for STMicroelectronics.X-CUBE-AZRTOS-WL.2.0.0
2025-05-12 15:06:56,566 [WARN] PackLoader:240 - Cannot read IP mode file for STMicroelectronics.FP-SNS-MOTENV1.5.0.0
2025-05-12 15:06:56,587 [WARN] PackLoader:240 - Cannot read IP mode file for WES.I-CUBE-Cesium.1.3.0
2025-05-12 15:06:56,604 [WARN] PackLoader:240 - Cannot read IP mode file for STMicroelectronics.X-CUBE-BLE2.3.3.0
2025-05-12 15:06:56,622 [WARN] PackLoader:240 - Cannot read IP mode file for STMicroelectronics.X-CUBE-NFC9.1.0.0
2025-05-12 15:06:56,641 [WARN] PackLoader:240 - Cannot read IP mode file for STMicroelectronics.X-CUBE-BLE1.7.1.0
2025-05-12 15:06:56,660 [WARN] PackLoader:240 - Cannot read IP mode file for wolfSSL.I-CUBE-wolfMQTT.1.19.2
2025-05-12 15:06:56,713 [WARN] PackLoader:240 - Cannot read IP mode file for STMicroelectronics.X-CUBE-MEMS1.11.2.0
2025-05-12 15:06:56,797 [WARN] PackLoader:240 - Cannot read IP mode file for STMicroelectronics.X-CUBE-AZRTOS-G0.1.1.0
2025-05-12 15:06:56,814 [WARN] PackLoader:240 - Cannot read IP mode file for STMicroelectronics.X-CUBE-SAFEA1.1.2.2
2025-05-12 15:06:56,830 [WARN] PackLoader:240 - Cannot read IP mode file for STMicroelectronics.X-CUBE-NFC4.3.0.0
2025-05-12 15:06:56,847 [WARN] PackLoader:240 - Cannot read IP mode file for EmbeddedOffice.I-CUBE-FS-RTOS.1.0.1
2025-05-12 15:06:56,862 [WARN] PackLoader:240 - Cannot read IP mode file for STMicroelectronics.X-CUBE-WB05N.2.0.0
2025-05-12 15:06:56,876 [WARN] PackLoader:240 - Cannot read IP mode file for wolfSSL.I-CUBE-wolfTPM.3.8.0
2025-05-12 15:06:56,894 [WARN] PackLoader:240 - Cannot read IP mode file for STMicroelectronics.X-CUBE-TCPP.4.2.0
2025-05-12 15:06:56,911 [WARN] PackLoader:240 - Cannot read IP mode file for RealThread.X-CUBE-RT-Thread_Nano.4.1.1
2025-05-12 15:06:56,928 [WARN] PackLoader:240 - Cannot read IP mode file for STMicroelectronics.FP-ATR-SIGFOX1.3.2.0
2025-05-12 15:06:56,946 [WARN] ConditionMgr:438 - getConditionDescription Invalid condition id : Cortex-A Device cause : null
2025-05-12 15:06:56,992 [WARN] ConditionMgr:1044 - genDependencies : Invalid condition id : Cortex-A Device cause : null
2025-05-12 15:06:56,993 [WARN] ConditionMgr:1044 - genDependencies : Invalid condition id : Cortex-A Device cause : null
2025-05-12 15:06:56,993 [WARN] ConditionMgr:1044 - genDependencies : Invalid condition id : Cortex-A Device cause : null
2025-05-12 15:06:57,010 [WARN] PackLoader:240 - Cannot read IP mode file for STMicroelectronics.X-CUBE-EEPRMA1.5.1.0
2025-05-12 15:06:57,024 [WARN] PackLoader:240 - Cannot read IP mode file for wolfSSL.I-CUBE-wolfSSL.5.7.6
2025-05-12 15:06:57,042 [WARN] PackLoader:240 - Cannot read IP mode file for ITTIA_DB.I-CUBE-ITTIADB.8.9.0
2025-05-12 15:06:57,072 [WARN] PackLoader:240 - Cannot read IP mode file for SEGGER.I-CUBE-embOS.1.3.1
2025-05-12 15:06:57,123 [WARN] PackLoader:240 - Cannot read IP mode file for STMicroelectronics.X-CUBE-ALGOBUILD.1.4.0
2025-05-12 15:06:57,148 [WARN] PackLoader:240 - Cannot read IP mode file for STMicroelectronics.X-CUBE-AZRTOS-F4.1.1.0
2025-05-12 15:06:57,170 [WARN] PackLoader:240 - Cannot read IP mode file for Avnet-IotConnect.X-CUBE-IoTC-DA16k-PMOD.1.0.0
2025-05-12 15:06:57,186 [WARN] PackLoader:240 - Cannot read IP mode file for STMicroelectronics.X-CUBE-ISPU.2.1.0
2025-05-12 15:06:57,215 [WARN] PackLoader:240 - Cannot read IP mode file for STMicroelectronics.X-CUBE-AZRTOS-L5.2.0.0
2025-05-12 15:06:57,237 [WARN] PackLoader:240 - Cannot read IP mode file for STMicroelectronics.X-CUBE-NFC6.3.1.0
2025-05-12 15:06:57,256 [WARN] PackLoader:240 - Cannot read IP mode file for STMicroelectronics.X-CUBE-DPower.1.2.0
2025-05-12 15:06:57,273 [WARN] PackLoader:240 - Cannot read IP mode file for STMicroelectronics.X-CUBE-FREERTOS.1.3.1
2025-05-12 15:06:57,291 [WARN] PackLoader:240 - Cannot read IP mode file for STMicroelectronics.X-CUBE-FREERTOS.1.3.0
2025-05-12 15:06:57,310 [WARN] PackLoader:240 - Cannot read IP mode file for STMicroelectronics.X-CUBE-NFC7.1.0.1
2025-05-12 15:06:57,327 [WARN] PackLoader:240 - Cannot read IP mode file for STMicroelectronics.X-CUBE-DPower.1.3.0
2025-05-12 15:06:57,354 [WARN] ConditionMgr:438 - getConditionDescription Invalid condition id : LAN8742 Phy interface Condition cause : null
2025-05-12 15:06:57,354 [WARN] PackLoader:240 - Cannot read IP mode file for STMicroelectronics.X-CUBE-AZRTOS-L4.2.0.0
2025-05-12 15:06:57,355 [WARN] ConditionMgr:1044 - genDependencies : Invalid condition id : LAN8742 Phy interface Condition cause : null
2025-05-12 15:06:57,355 [WARN] ConditionMgr:1044 - genDependencies : Invalid condition id : LAN8742 Phy interface Condition cause : null
2025-05-12 15:06:57,356 [WARN] ConditionMgr:1044 - genDependencies : Invalid condition id : LAN8742 Phy interface Condition cause : null
2025-05-12 15:06:57,372 [WARN] PackLoader:240 - Cannot read IP mode file for STMicroelectronics.X-CUBE-SFXS2LP1.4.0.0
2025-05-12 15:06:57,406 [WARN] PackLoader:240 - Cannot read IP mode file for STMicroelectronics.X-CUBE-AZRTOS-H7.3.3.0
2025-05-12 15:06:57,438 [WARN] ConditionMgr:438 - getConditionDescription Invalid condition id : UX DEVICE CLASS RTOS Condition cause : null
2025-05-12 15:06:57,438 [WARN] ConditionMgr:438 - getConditionDescription Invalid condition id : UX DEVICE CLASS RTOS Condition cause : null
2025-05-12 15:06:57,440 [WARN] PackLoader:240 - Cannot read IP mode file for STMicroelectronics.X-CUBE-AZRTOS-WB.2.0.0
2025-05-12 15:06:57,442 [WARN] ConditionMgr:1044 - genDependencies : Invalid condition id : UX DEVICE CLASS RTOS Condition cause : null
2025-05-12 15:06:57,442 [WARN] ConditionMgr:1044 - genDependencies : Invalid condition id : UX DEVICE CLASS RTOS Condition cause : null
2025-05-12 15:06:57,442 [WARN] ConditionMgr:1044 - genDependencies : Invalid condition id : UX DEVICE CLASS RTOS Condition cause : null
2025-05-12 15:06:57,443 [WARN] ConditionMgr:1044 - genDependencies : Invalid condition id : UX DEVICE CLASS RTOS Condition cause : null
2025-05-12 15:06:57,443 [WARN] ConditionMgr:1044 - genDependencies : Invalid condition id : UX DEVICE CLASS RTOS Condition cause : null
2025-05-12 15:06:57,468 [WARN] PackLoader:240 - Cannot read IP mode file for STMicroelectronics.X-CUBE-GNSS1.7.0.1
2025-05-12 15:06:57,491 [WARN] PackLoader:240 - Cannot read IP mode file for STMicroelectronics.X-CUBE-TOUCHGFX.4.25.0
2025-05-12 15:06:57,513 [WARN] PackLoader:240 - Cannot read IP mode file for STMicroelectronics.FP-SNS-STBOX1.2.0.0
2025-05-12 15:06:57,542 [WARN] PackLoader:240 - Cannot read IP mode file for STMicroelectronics.X-CUBE-SUBG2.5.0.0
2025-05-12 15:06:57,578 [WARN] PackLoader:240 - Cannot read IP mode file for STMicroelectronics.X-CUBE-AZRTOS-H7RS.1.1.0
2025-05-12 15:06:57,601 [WARN] PackLoader:240 - Cannot read IP mode file for Cesanta.I-CUBE-Mongoose.7.13.0
2025-05-12 15:06:57,632 [WARN] PackLoader:240 - Cannot read IP mode file for STMicroelectronics.X-CUBE-AZRTOS-G4.2.0.0
2025-05-12 15:06:57,653 [WARN] PackLoader:240 - Cannot read IP mode file for wolfSSL.I-CUBE-wolfSSH.1.4.20
2025-05-12 15:06:57,671 [WARN] PackLoader:240 - Cannot read IP mode file for STMicroelectronics.X-CUBE-NFC7.2.0.0
2025-05-12 15:06:57,706 [WARN] PackLoader:240 - Cannot read IP mode file for STMicroelectronics.X-CUBE-IPS.3.1.0
2025-05-12 15:06:57,735 [WARN] PackLoader:240 - Cannot read IP mode file for STMicroelectronics.X-CUBE-ALS.1.0.2
2025-05-12 15:06:57,756 [WARN] PackLoader:240 - Cannot read IP mode file for STMicroelectronics.X-CUBE-TOUCHGFX.4.24.2
2025-05-12 15:06:57,789 [WARN] PackLoader:240 - Cannot read IP mode file for portGmbH.I-Cube-SoM-uGOAL.1.1.0
2025-05-12 15:06:57,831 [WARN] PackLoader:240 - Cannot read IP mode file for STMicroelectronics.X-CUBE-AZRTOS-H7RS.1.0.0
2025-05-12 15:06:57,862 [WARN] PackLoader:240 - Cannot read IP mode file for STMicroelectronics.X-CUBE-TOF1.3.4.2
2025-05-12 15:06:57,897 [WARN] PackLoader:240 - Cannot read IP mode file for STMicroelectronics.X-CUBE-TOF1.3.4.3
2025-05-12 15:06:57,907 [INFO] ThirdParty:978 - Integrity check success = true
2025-05-12 15:06:57,908 [INFO] IntegrityCheckThread:100 - exiting critical section [integrity check]
2025-05-12 15:06:57,908 [INFO] IntegrityCheckThread:103 - End integrity checks thread
2025-05-12 15:16:41,931 [INFO] WebApp:190 - Connection lost
2025-05-12 15:16:42,270 [INFO] WebApp:187 - Connection restablished
2025-05-12 15:17:50,422 [INFO] WebApp:190 - Connection lost
2025-05-12 15:17:50,712 [INFO] WebApp:187 - Connection restablished
